<?xml version="1.0" encoding="UTF-8"?>
<!-- Generated by org.testng.reporters.JUnitReportReporter -->
<testsuite skipped="0" hostname="LAPTOP-HUNL6095" name="MavenGroupID.Class3" tests="2" failures="0" timestamp="11 Apr 2020 15:42:49 GMT" time="0.006" errors="0">
  <testcase name="method5" time="0.003" classname="MavenGroupID.Class3"/>
  <testcase name="method6" time="0.003" classname="MavenGroupID.Class3"/>
</testsuite> <!-- MavenGroupID.Class3 -->
