<?xml version="1.0" encoding="UTF-8"?>
<!-- Generated by org.testng.reporters.JUnitReportReporter -->
<testsuite skipped="0" hostname="LAPTOP-HUNL6095" name="MavenGroupID.Class4" tests="4" failures="0" timestamp="11 Apr 2020 15:42:49 GMT" time="0.229" errors="0">
  <testcase name="method1" time="0.037" classname="MavenGroupID.Class4"/>
  <testcase name="method2" time="0.002" classname="MavenGroupID.Class4"/>
  <testcase name="method3" time="0.188" classname="MavenGroupID.Class4"/>
  <testcase name="method4" time="0.002" classname="MavenGroupID.Class4"/>
</testsuite> <!-- MavenGroupID.Class4 -->
