<?xml version="1.0" encoding="UTF-8"?>
<!-- Generated by org.testng.reporters.JUnitReportReporter -->
<testsuite skipped="0" hostname="LAPTOP-HUNL6095" name="MavenGroupID.Class4" tests="4" failures="0" timestamp="11 Apr 2020 18:00:07 GMT" time="0.016" errors="0">
  <testcase name="method4" time="0.000" classname="MavenGroupID.Class4"/>
  <testcase name="method2" time="0.000" classname="MavenGroupID.Class4"/>
  <testcase name="method1" time="0.016" classname="MavenGroupID.Class4"/>
  <testcase name="method3" time="0.000" classname="MavenGroupID.Class4"/>
</testsuite> <!-- MavenGroupID.Class4 -->
